C51 COMPILER V9.01   MAIN                                                                  02/18/2024 11:56:27 PAGE 1   


C51 COMPILER V9.01, COMPILATION OF MODULE MAIN
OBJECT MODULE PLACED IN main.OBJ
COMPILER INVOKED BY: E:\C51\BIN\C51.EXE main.c BROWSE DEBUG OBJECTEXTEND

line level    source

   1          #include "reg52.h"
   2          #include "intrins.h"
   3          #define led P2
   4          typedef unsigned char u8;
   5          typedef unsigned int u16;
   6          
   7          void delay(u16 i)
   8          {
   9   1              while(i--);
  10   1      }
  11          
  12          
  13          void main(){
  14   1              u8 i;
  15   1              u16 time=50000;
  16   1              led=0xfe;
  17   1              delay(10000);
  18   1              while(1)
  19   1              {
  20   2                      for(i=0;i<7;i++){
  21   3                              led=_crol_(led,1);
  22   3                              delay(time);
  23   3                      }
  24   2                      for(i=0;i<7;i++){
  25   3                              led=_cror_(led,1);
  26   3                              delay(time);
  27   3                      } 
  28   2              }
  29   1      }


MODULE INFORMATION:   STATIC OVERLAYABLE
   CODE SIZE        =     76    ----
   CONSTANT SIZE    =   ----    ----
   XDATA SIZE       =   ----    ----
   PDATA SIZE       =   ----    ----
   DATA SIZE        =   ----    ----
   IDATA SIZE       =   ----    ----
   BIT SIZE         =   ----    ----
END OF MODULE INFORMATION.


C51 COMPILATION COMPLETE.  0 WARNING(S),  0 ERROR(S)
