C51 COMPILER V9.01   MAIN                                                                  02/18/2024 11:07:47 PAGE 1   


C51 COMPILER V9.01, COMPILATION OF MODULE MAIN
OBJECT MODULE PLACED IN main.OBJ
COMPILER INVOKED BY: E:\C51\BIN\C51.EXE main.c BROWSE DEBUG OBJECTEXTEND

line level    source

   1          #include "reg52.h"
   2          typedef unsigned char u8;
   3          typedef unsigned int u16;
   4          
   5          void delay(u16 i)
   6          {
   7   1              while(i--);
   8   1      }
   9          sbit led=P2^0;
  10          
  11          void main(){
  12   1              while(1)
  13   1              {
  14   2                      led=0;
  15   2                      delay(10000);
  16   2                      led=1;
  17   2                      delay(10000);
  18   2              }
  19   1      }


MODULE INFORMATION:   STATIC OVERLAYABLE
   CODE SIZE        =     31    ----
   CONSTANT SIZE    =   ----    ----
   XDATA SIZE       =   ----    ----
   PDATA SIZE       =   ----    ----
   DATA SIZE        =   ----    ----
   IDATA SIZE       =   ----    ----
   BIT SIZE         =   ----    ----
END OF MODULE INFORMATION.


C51 COMPILATION COMPLETE.  0 WARNING(S),  0 ERROR(S)
